# JRE version: OpenJDK Runtime Environment Temurin-20.0.2+9 (20.0.2+9) (build 20.0.2+9)
# Java VM: OpenJDK 64-Bit Server VM Temurin-20.0.2+9 (20.0.2+9, mixed mode, tiered, compressed oops, compressed class ptrs, g1 gc, windows-amd64)
GC Precious Log:
 CardTable entry size: 512
 Card Set container configuration: InlinePtr #cards 4 size 8 Array Of Cards #cards 16 size 48 Howl #buckets 8 coarsen threshold 3686 Howl Bitmap #cards 512 size 80 coarsen threshold 460 Card regions per heap region 1 cards per card region 4096
 CPUs: 8 total, 8 available
 Memory: 16126M
 Large Page Support: Disabled
 NUMA Support: Disabled
 Compressed Oops: Enabled (Zero based)
 Heap Region Size: 2M
 Heap Min Capacity: 8M
 Heap Initial Capacity: 252M
 Heap Max Capacity: 4032M
 Pre-touch: Disabled
 Parallel Workers: 8
 Concurrent Workers: 2
 Concurrent Refinement Workers: 8
 Periodic GC: Disabled
Heap:
 garbage-first heap   total 348160K, used 321519K [0x0000000704000000, 0x0000000800000000)
  region size 2048K, 2 young (4096K), 2 survivors (4096K)
 Metaspace       used 13150K, committed 13376K, reserved 1114112K
  class space    used 1233K, committed 1344K, reserved 1048576K
GC Heap History (20 events):
Event: 0.511 GC heap after
{Heap after GC invocations=1 (full 0):
 garbage-first heap   total 258048K, used 4808K [0x0000000704000000, 0x0000000800000000)
  region size 2048K, 2 young (4096K), 2 survivors (4096K)
 Metaspace       used 13037K, committed 13248K, reserved 1114112K
  class space    used 1231K, committed 1344K, reserved 1048576K
}
Event: 0.664 GC heap before
{Heap before GC invocations=1 (full 0):
 garbage-first heap   total 258048K, used 35528K [0x0000000704000000, 0x0000000800000000)
  region size 2048K, 18 young (36864K), 2 survivors (4096K)
 Metaspace       used 13060K, committed 13248K, reserved 1114112K
  class space    used 1232K, committed 1344K, reserved 1048576K
}
Event: 0.669 GC heap after
{Heap after GC invocations=2 (full 0):
 garbage-first heap   total 258048K, used 8244K [0x0000000704000000, 0x0000000800000000)
  region size 2048K, 2 young (4096K), 2 survivors (4096K)
 Metaspace       used 13060K, committed 13248K, reserved 1114112K
  class space    used 1232K, committed 1344K, reserved 1048576K
}
Event: 1.114 GC heap before
{Heap before GC invocations=2 (full 0):
 garbage-first heap   total 258048K, used 120884K [0x0000000704000000, 0x0000000800000000)
  region size 2048K, 57 young (116736K), 2 survivors (4096K)
 Metaspace       used 13101K, committed 13312K, reserved 1114112K
  class space    used 1232K, committed 1344K, reserved 1048576K
}
Event: 1.120 GC heap after
{Heap after GC invocations=3 (full 0):
 garbage-first heap   total 258048K, used 13677K [0x0000000704000000, 0x0000000800000000)
  region size 2048K, 4 young (8192K), 4 survivors (8192K)
 Metaspace       used 13101K, committed 13312K, reserved 1114112K
  class space    used 1232K, committed 1344K, reserved 1048576K
}
Event: 1.680 GC heap before
{Heap before GC invocations=3 (full 0):
 garbage-first heap   total 258048K, used 159085K [0x0000000704000000, 0x0000000800000000)
  region size 2048K, 75 young (153600K), 4 survivors (8192K)
 Metaspace       used 13120K, committed 13312K, reserved 1114112K
  class space    used 1232K, committed 1344K, reserved 1048576K
}
Event: 1.688 GC heap after
{Heap after GC invocations=4 (full 0):
 garbage-first heap   total 258048K, used 17779K [0x0000000704000000, 0x0000000800000000)
  region size 2048K, 6 young (12288K), 6 survivors (12288K)
 Metaspace       used 13120K, committed 13312K, reserved 1114112K
  class space    used 1232K, committed 1344K, reserved 1048576K
}
Event: 2.295 GC heap before
{Heap before GC invocations=4 (full 0):
 garbage-first heap   total 258048K, used 183667K [0x0000000704000000, 0x0000000800000000)
  region size 2048K, 75 young (153600K), 6 survivors (12288K)
 Metaspace       used 13150K, committed 13376K, reserved 1114112K
  class space    used 1233K, committed 1344K, reserved 1048576K
}
Event: 2.349 GC heap after
{Heap after GC invocations=5 (full 0):
 garbage-first heap   total 258048K, used 100610K [0x0000000704000000, 0x0000000800000000)
  region size 2048K, 10 young (20480K), 10 survivors (20480K)
 Metaspace       used 13150K, committed 13376K, reserved 1114112K
  class space    used 1233K, committed 1344K, reserved 1048576K
}
Event: 2.535 GC heap before
{Heap before GC invocations=5 (full 0):
 garbage-first heap   total 258048K, used 155906K [0x0000000704000000, 0x0000000800000000)
  region size 2048K, 31 young (63488K), 10 survivors (20480K)
 Metaspace       used 13150K, committed 13376K, reserved 1114112K
  class space    used 1233K, committed 1344K, reserved 1048576K
}
Event: 2.581 GC heap after
{Heap after GC invocations=6 (full 0):
 garbage-first heap   total 339968K, used 159744K [0x0000000704000000, 0x0000000800000000)
  region size 2048K, 4 young (8192K), 4 survivors (8192K)
 Metaspace       used 13150K, committed 13376K, reserved 1114112K
  class space    used 1233K, committed 1344K, reserved 1048576K
}
Event: 2.760 GC heap before
{Heap before GC invocations=6 (full 0):
 garbage-first heap   total 339968K, used 196608K [0x0000000704000000, 0x0000000800000000)
  region size 2048K, 23 young (47104K), 4 survivors (8192K)
 Metaspace       used 13150K, committed 13376K, reserved 1114112K
  class space    used 1233K, committed 1344K, reserved 1048576K
}
Event: 2.781 GC heap after
{Heap after GC invocations=7 (full 0):
 garbage-first heap   total 339968K, used 201728K [0x0000000704000000, 0x0000000800000000)
  region size 2048K, 5 young (10240K), 5 survivors (10240K)
 Metaspace       used 13150K, committed 13376K, reserved 1114112K
  class space    used 1233K, committed 1344K, reserved 1048576K
}
Event: 3.022 GC heap before
{Heap before GC invocations=8 (full 0):
 garbage-first heap   total 348160K, used 236544K [0x0000000704000000, 0x0000000800000000)
  region size 2048K, 26 young (53248K), 5 survivors (10240K)
 Metaspace       used 13150K, committed 13376K, reserved 1114112K
  class space    used 1233K, committed 1344K, reserved 1048576K
}
Event: 3.048 GC heap after
{Heap after GC invocations=9 (full 0):
 garbage-first heap   total 348160K, used 240640K [0x0000000704000000, 0x0000000800000000)
  region size 2048K, 4 young (8192K), 4 survivors (8192K)
 Metaspace       used 13150K, committed 13376K, reserved 1114112K
  class space    used 1233K, committed 1344K, reserved 1048576K
}
Event: 3.164 GC heap before
{Heap before GC invocations=9 (full 0):
 garbage-first heap   total 348160K, used 271360K [0x0000000704000000, 0x0000000800000000)
  region size 2048K, 19 young (38912K), 4 survivors (8192K)
 Metaspace       used 13150K, committed 13376K, reserved 1114112K
  class space    used 1233K, committed 1344K, reserved 1048576K
}
Event: 3.181 GC heap after
{Heap after GC invocations=10 (full 0):
 garbage-first heap   total 348160K, used 272384K [0x0000000704000000, 0x0000000800000000)
  region size 2048K, 3 young (6144K), 3 survivors (6144K)
 Metaspace       used 13150K, committed 13376K, reserved 1114112K
  class space    used 1233K, committed 1344K, reserved 1048576K
}
Event: 3.186 GC heap before
{Heap before GC invocations=10 (full 0):
 garbage-first heap   total 348160K, used 272384K [0x0000000704000000, 0x0000000800000000)
  region size 2048K, 4 young (8192K), 3 survivors (6144K)
 Metaspace       used 13150K, committed 13376K, reserved 1114112K
  class space    used 1233K, committed 1344K, reserved 1048576K
}
Event: 3.193 GC heap after
{Heap after GC invocations=11 (full 0):
 garbage-first heap   total 348160K, used 275697K [0x0000000704000000, 0x0000000800000000)
  region size 2048K, 1 young (2048K), 1 survivors (2048K)
 Metaspace       used 13150K, committed 13376K, reserved 1114112K
  class space    used 1233K, committed 1344K, reserved 1048576K
}
Event: 3.410 GC heap before
{Heap before GC invocations=11 (full 0):
 garbage-first heap   total 348160K, used 320753K [0x0000000704000000, 0x0000000800000000)
  region size 2048K, 11 young (22528K), 1 survivors (2048K)
 Metaspace       used 13150K, committed 13376K, reserved 1114112K
  class space    used 1233K, committed 1344K, reserved 1048576K
}

