# JRE version: OpenJDK Runtime Environment Temurin-20.0.2+9 (20.0.2+9) (build 20.0.2+9)
# Java VM: OpenJDK 64-Bit Server VM Temurin-20.0.2+9 (20.0.2+9, mixed mode, tiered, compressed oops, compressed class ptrs, g1 gc, windows-amd64)
GC Precious Log:
 CardTable entry size: 512
 Card Set container configuration: InlinePtr #cards 4 size 8 Array Of Cards #cards 16 size 48 Howl #buckets 8 coarsen threshold 3686 Howl Bitmap #cards 512 size 80 coarsen threshold 460 Card regions per heap region 1 cards per card region 4096
 CPUs: 8 total, 8 available
 Memory: 16126M
 Large Page Support: Disabled
 NUMA Support: Disabled
 Compressed Oops: Enabled (Zero based)
 Heap Region Size: 2M
 Heap Min Capacity: 8M
 Heap Initial Capacity: 252M
 Heap Max Capacity: 4032M
 Pre-touch: Disabled
 Parallel Workers: 8
 Concurrent Workers: 2
 Concurrent Refinement Workers: 8
 Periodic GC: Disabled
Heap:
 garbage-first heap   total 358400K, used 312320K [0x0000000704000000, 0x0000000800000000)
  region size 2048K, 3 young (6144K), 3 survivors (6144K)
 Metaspace       used 13194K, committed 13376K, reserved 1114112K
  class space    used 1232K, committed 1344K, reserved 1048576K
GC Heap History (20 events):
Event: 2.441 GC heap after
{Heap after GC invocations=5 (full 0):
 garbage-first heap   total 258048K, used 18161K [0x0000000704000000, 0x0000000800000000)
  region size 2048K, 7 young (14336K), 7 survivors (14336K)
 Metaspace       used 13121K, committed 13312K, reserved 1114112K
  class space    used 1231K, committed 1344K, reserved 1048576K
}
Event: 2.975 GC heap before
{Heap before GC invocations=5 (full 0):
 garbage-first heap   total 258048K, used 157425K [0x0000000704000000, 0x0000000800000000)
  region size 2048K, 75 young (153600K), 7 survivors (14336K)
 Metaspace       used 13130K, committed 13312K, reserved 1114112K
  class space    used 1231K, committed 1344K, reserved 1048576K
}
Event: 2.982 GC heap after
{Heap after GC invocations=6 (full 0):
 garbage-first heap   total 258048K, used 18900K [0x0000000704000000, 0x0000000800000000)
  region size 2048K, 6 young (12288K), 6 survivors (12288K)
 Metaspace       used 13130K, committed 13312K, reserved 1114112K
  class space    used 1231K, committed 1344K, reserved 1048576K
}
Event: 3.479 GC heap before
{Heap before GC invocations=6 (full 0):
 garbage-first heap   total 258048K, used 162260K [0x0000000704000000, 0x0000000800000000)
  region size 2048K, 75 young (153600K), 6 survivors (12288K)
 Metaspace       used 13161K, committed 13376K, reserved 1114112K
  class space    used 1231K, committed 1344K, reserved 1048576K
}
Event: 3.485 GC heap after
{Heap after GC invocations=7 (full 0):
 garbage-first heap   total 311296K, used 20571K [0x0000000704000000, 0x0000000800000000)
  region size 2048K, 4 young (8192K), 4 survivors (8192K)
 Metaspace       used 13161K, committed 13376K, reserved 1114112K
  class space    used 1231K, committed 1344K, reserved 1048576K
}
Event: 4.150 GC heap before
{Heap before GC invocations=7 (full 0):
 garbage-first heap   total 311296K, used 198747K [0x0000000704000000, 0x0000000800000000)
  region size 2048K, 91 young (186368K), 4 survivors (8192K)
 Metaspace       used 13163K, committed 13376K, reserved 1114112K
  class space    used 1231K, committed 1344K, reserved 1048576K
}
Event: 4.156 GC heap after
{Heap after GC invocations=8 (full 0):
 garbage-first heap   total 311296K, used 22619K [0x0000000704000000, 0x0000000800000000)
  region size 2048K, 5 young (10240K), 5 survivors (10240K)
 Metaspace       used 13163K, committed 13376K, reserved 1114112K
  class space    used 1231K, committed 1344K, reserved 1048576K
}
Event: 4.738 GC heap before
{Heap before GC invocations=8 (full 0):
 garbage-first heap   total 311296K, used 198747K [0x0000000704000000, 0x0000000800000000)
  region size 2048K, 91 young (186368K), 5 survivors (10240K)
 Metaspace       used 13165K, committed 13376K, reserved 1114112K
  class space    used 1231K, committed 1344K, reserved 1048576K
}
Event: 4.745 GC heap after
{Heap after GC invocations=9 (full 0):
 garbage-first heap   total 311296K, used 23893K [0x0000000704000000, 0x0000000800000000)
  region size 2048K, 6 young (12288K), 6 survivors (12288K)
 Metaspace       used 13165K, committed 13376K, reserved 1114112K
  class space    used 1231K, committed 1344K, reserved 1048576K
}
Event: 5.315 GC heap before
{Heap before GC invocations=9 (full 0):
 garbage-first heap   total 311296K, used 197973K [0x0000000704000000, 0x0000000800000000)
  region size 2048K, 91 young (186368K), 6 survivors (12288K)
 Metaspace       used 13168K, committed 13376K, reserved 1114112K
  class space    used 1231K, committed 1344K, reserved 1048576K
}
Event: 5.323 GC heap after
{Heap after GC invocations=10 (full 0):
 garbage-first heap   total 311296K, used 24667K [0x0000000704000000, 0x0000000800000000)
  region size 2048K, 6 young (12288K), 6 survivors (12288K)
 Metaspace       used 13168K, committed 13376K, reserved 1114112K
  class space    used 1231K, committed 1344K, reserved 1048576K
}
Event: 5.924 GC heap before
{Heap before GC invocations=10 (full 0):
 garbage-first heap   total 311296K, used 198747K [0x0000000704000000, 0x0000000800000000)
  region size 2048K, 91 young (186368K), 6 survivors (12288K)
 Metaspace       used 13168K, committed 13376K, reserved 1114112K
  class space    used 1231K, committed 1344K, reserved 1048576K
}
Event: 5.932 GC heap after
{Heap after GC invocations=11 (full 0):
 garbage-first heap   total 311296K, used 25971K [0x0000000704000000, 0x0000000800000000)
  region size 2048K, 7 young (14336K), 7 survivors (14336K)
 Metaspace       used 13168K, committed 13376K, reserved 1114112K
  class space    used 1231K, committed 1344K, reserved 1048576K
}
Event: 6.767 GC heap before
{Heap before GC invocations=11 (full 0):
 garbage-first heap   total 311296K, used 232819K [0x0000000704000000, 0x0000000800000000)
  region size 2048K, 91 young (186368K), 7 survivors (14336K)
 Metaspace       used 13194K, committed 13376K, reserved 1114112K
  class space    used 1232K, committed 1344K, reserved 1048576K
}
Event: 6.860 GC heap after
{Heap after GC invocations=12 (full 0):
 garbage-first heap   total 358400K, used 172032K [0x0000000704000000, 0x0000000800000000)
  region size 2048K, 12 young (24576K), 12 survivors (24576K)
 Metaspace       used 13194K, committed 13376K, reserved 1114112K
  class space    used 1232K, committed 1344K, reserved 1048576K
}
Event: 6.978 GC heap before
{Heap before GC invocations=12 (full 0):
 garbage-first heap   total 358400K, used 194560K [0x0000000704000000, 0x0000000800000000)
  region size 2048K, 24 young (49152K), 12 survivors (24576K)
 Metaspace       used 13194K, committed 13376K, reserved 1114112K
  class space    used 1232K, committed 1344K, reserved 1048576K
}
Event: 7.009 GC heap after
{Heap after GC invocations=13 (full 0):
 garbage-first heap   total 358400K, used 200704K [0x0000000704000000, 0x0000000800000000)
  region size 2048K, 7 young (14336K), 7 survivors (14336K)
 Metaspace       used 13194K, committed 13376K, reserved 1114112K
  class space    used 1232K, committed 1344K, reserved 1048576K
}
Event: 7.319 GC heap before
{Heap before GC invocations=14 (full 0):
 garbage-first heap   total 358400K, used 249856K [0x0000000704000000, 0x0000000800000000)
  region size 2048K, 35 young (71680K), 7 survivors (14336K)
 Metaspace       used 13194K, committed 13376K, reserved 1114112K
  class space    used 1232K, committed 1344K, reserved 1048576K
}
Event: 7.357 GC heap after
{Heap after GC invocations=15 (full 0):
 garbage-first heap   total 358400K, used 253952K [0x0000000704000000, 0x0000000800000000)
  region size 2048K, 5 young (10240K), 5 survivors (10240K)
 Metaspace       used 13194K, committed 13376K, reserved 1114112K
  class space    used 1232K, committed 1344K, reserved 1048576K
}
Event: 7.509 GC heap before
{Heap before GC invocations=15 (full 0):
 garbage-first heap   total 358400K, used 311296K [0x0000000704000000, 0x0000000800000000)
  region size 2048K, 21 young (43008K), 5 survivors (10240K)
 Metaspace       used 13194K, committed 13376K, reserved 1114112K
  class space    used 1232K, committed 1344K, reserved 1048576K
}

